/var/spool/slurmd/job00846/slurm_script: line 12: module: command not found
tree-info exp/chain/tree/tree 
/opt/kaldi/egs/sprakbanken_swe/s5/steps/libs/common.py:127: SyntaxWarning: "is not" with a literal. Did you mean "!="?
  if p.returncode is not 0:
/opt/kaldi/egs/sprakbanken_swe/s5/steps/libs/common.py:147: SyntaxWarning: "is not" with a literal. Did you mean "!="?
  if p.returncode is not 0:
/opt/kaldi/egs/sprakbanken_swe/s5/steps/libs/common.py:203: SyntaxWarning: "is not" with a literal. Did you mean "!="?
  if popen_object.returncode is not 0:
/opt/kaldi/egs/sprakbanken_swe/s5/steps/libs/nnet3/xconfig/basic_layers.py:58: SyntaxWarning: "is not" with a literal. Did you mean "!="?
  prev_layer.layer_type is not 'existing'):
/opt/kaldi/egs/sprakbanken_swe/s5/steps/libs/nnet3/xconfig/utils.py:33: SyntaxWarning: "is not" with a literal. Did you mean "!="?
  if layer.layer_type is not 'existing':
steps/nnet3/xconfig_to_configs.py --xconfig-file exp/chain/tdnn/configs/network.xconfig --config-dir exp/chain/tdnn/configs/
nnet3-init exp/chain/tdnn/configs//ref.config exp/chain/tdnn/configs//ref.raw 
LOG (nnet3-init[5.5.0~1-4b2b]:main():nnet3-init.cc:80) Initialized raw neural net and wrote it to exp/chain/tdnn/configs//ref.raw
nnet3-info exp/chain/tdnn/configs//ref.raw 
nnet3-init exp/chain/tdnn/configs//ref.config exp/chain/tdnn/configs//ref.raw 
LOG (nnet3-init[5.5.0~1-4b2b]:main():nnet3-init.cc:80) Initialized raw neural net and wrote it to exp/chain/tdnn/configs//ref.raw
nnet3-info exp/chain/tdnn/configs//ref.raw 
local/chain/run_tdnn.sh: line 136: cuda_cmd: unbound variable
