/var/spool/slurmd/job00691/slurm_script: line 12: module: command not found
--2025-07-24 14:37:35--  http://www.nb.no/sbfil/talegjenkjenning/16kHz/sve.16khz.0467-1.tar.gz
Resolving www.nb.no (www.nb.no)... 158.39.129.53, 2001:700:f01:1071::53
Connecting to www.nb.no (www.nb.no)|158.39.129.53|:80... connected.
HTTP request sent, awaiting response... 301 Moved Permanently
Location: https://www.nb.no/sbfil/talegjenkjenning/16kHz/sve.16khz.0467-1.tar.gz [following]
--2025-07-24 14:37:35--  https://www.nb.no/sbfil/talegjenkjenning/16kHz/sve.16khz.0467-1.tar.gz
Connecting to www.nb.no (www.nb.no)|158.39.129.53|:443... connected.
HTTP request sent, awaiting response... 200 OK
Length: 27480347283 (26G) [application/octet-stream]
Saving to: '/opt/kaldi/egs/sprakbanken_swe/s5/data/local/data/download/sve.16khz.0467-1.tar.gz'


2025-07-24 14:59:56 (19.5 MB/s) - '/opt/kaldi/egs/sprakbanken_swe/s5/data/local/data/download/sve.16khz.0467-1.tar.gz' saved [27480347283/27480347283]

URL transformed to HTTPS due to an HSTS policy
--2025-07-24 14:59:56--  https://www.nb.no/sbfil/talegjenkjenning/16kHz/sve.16khz.0467-2.tar.gz
Resolving www.nb.no (www.nb.no)... 158.39.129.53, 2001:700:f01:1071::53
Connecting to www.nb.no (www.nb.no)|158.39.129.53|:443... connected.
HTTP request sent, awaiting response... 200 OK
Length: 24481004966 (23G) [application/octet-stream]
Saving to: '/opt/kaldi/egs/sprakbanken_swe/s5/data/local/data/download/sve.16khz.0467-2.tar.gz'


2025-07-24 15:20:43 (18.7 MB/s) - '/opt/kaldi/egs/sprakbanken_swe/s5/data/local/data/download/sve.16khz.0467-2.tar.gz' saved [24481004966/24481004966]

URL transformed to HTTPS due to an HSTS policy
--2025-07-24 15:20:43--  https://www.nb.no/sbfil/talegjenkjenning/16kHz/sve.16khz.0467-3.tar.gz
Resolving www.nb.no (www.nb.no)... 158.39.129.53, 2001:700:f01:1071::53
Connecting to www.nb.no (www.nb.no)|158.39.129.53|:443... connected.
HTTP request sent, awaiting response... 200 OK
Length: 25426670776 (24G) [application/octet-stream]
Saving to: '/opt/kaldi/egs/sprakbanken_swe/s5/data/local/data/download/sve.16khz.0467-3.tar.gz'


2025-07-24 15:41:46 (19.2 MB/s) - '/opt/kaldi/egs/sprakbanken_swe/s5/data/local/data/download/sve.16khz.0467-3.tar.gz' saved [25426670776/25426670776]

URL transformed to HTTPS due to an HSTS policy
--2025-07-24 15:41:46--  https://www.nb.no/sbfil/talegjenkjenning/16kHz/sve.16khz.0468.tar.gz
Resolving www.nb.no (www.nb.no)... 158.39.129.53, 2001:700:f01:1071::53
Connecting to www.nb.no (www.nb.no)|158.39.129.53|:443... connected.
HTTP request sent, awaiting response... 200 OK
Length: 18627495173 (17G) [application/octet-stream]
Saving to: '/opt/kaldi/egs/sprakbanken_swe/s5/data/local/data/download/sve.16khz.0468.tar.gz'


2025-07-24 15:55:11 (22.1 MB/s) - '/opt/kaldi/egs/sprakbanken_swe/s5/data/local/data/download/sve.16khz.0468.tar.gz' saved [18627495173/18627495173]

mv: cannot stat '/opt/kaldi/egs/sprakbanken_swe/s5/data/local/data/download/0467-1/0467 sv train 1': No such file or directory
mv: cannot stat '/opt/kaldi/egs/sprakbanken_swe/s5/data/local/data/download/0467-2/0467 sv train 2': No such file or directory
mv: cannot stat '/opt/kaldi/egs/sprakbanken_swe/s5/data/local/data/download/0467-3/0467 sv train 3': No such file or directory
mv: cannot stat '/opt/kaldi/egs/sprakbanken_swe/s5/data/local/data/download/0468/0468 sv test': No such file or directory
--2025-07-24 18:07:07--  http://www.openslr.org/resources/29/lexicon-sv.tgz
Resolving www.openslr.org (www.openslr.org)... 46.101.158.64
Connecting to www.openslr.org (www.openslr.org)|46.101.158.64|:80... connected.
HTTP request sent, awaiting response... 302 Found
Location: http://openslr.trmal.net/resources/29/lexicon-sv.tgz [following]
--2025-07-24 18:07:08--  http://openslr.trmal.net/resources/29/lexicon-sv.tgz
Resolving openslr.trmal.net (openslr.trmal.net)... 136.243.171.4, 2a01:4f8:171:2012::2
Connecting to openslr.trmal.net (openslr.trmal.net)|136.243.171.4|:80... connected.
HTTP request sent, awaiting response... 200 OK
Length: 5374148 (5.1M) [application/x-gzip]
Saving to: 'data/local/data/download/lexicon-sv.tgz'


2025-07-24 18:07:08 (20.9 MB/s) - 'data/local/data/download/lexicon-sv.tgz' saved [5374148/5374148]

fstaddselfloops data/lang/phones/wdisambig_phones.int data/lang/phones/wdisambig_words.int 
tree-info exp/mono/tree 
tree-info exp/mono/tree 
fsttablecompose data/lang_test_4g/L_disambig.fst data/lang_test_4g/G.fst 
fstdeterminizestar --use-log=true 
fstpushspecial 
fstminimizeencoded 
fstisstochastic data/lang_test_4g/tmp/LG.fst 
fstcomposecontext --context-size=1 --central-position=0 --read-disambig-syms=data/lang_test_4g/phones/disambig.int --write-disambig-syms=data/lang_test_4g/tmp/disambig_ilabels_1_0.int data/lang_test_4g/tmp/ilabels_1_0.3584705 data/lang_test_4g/tmp/LG.fst 
fstisstochastic data/lang_test_4g/tmp/CLG_1_0.fst 
make-h-transducer --disambig-syms-out=exp/mono/graph_4g/disambig_tid.int --transition-scale=1.0 data/lang_test_4g/tmp/ilabels_1_0 exp/mono/tree exp/mono/final.mdl 
fsttablecompose exp/mono/graph_4g/Ha.fst data/lang_test_4g/tmp/CLG_1_0.fst 
fstdeterminizestar --use-log=true 
fstrmsymbols exp/mono/graph_4g/disambig_tid.int 
fstminimizeencoded 
fstrmepslocal 
fstisstochastic exp/mono/graph_4g/HCLGa.fst 
add-self-loops --self-loop-scale=0.1 --reorder=true exp/mono/final.mdl exp/mono/graph_4g/HCLGa.fst 
tree-info exp/tri1/tree 
tree-info exp/tri1/tree 
fstcomposecontext --context-size=3 --central-position=1 --read-disambig-syms=data/lang_test_4g/phones/disambig.int --write-disambig-syms=data/lang_test_4g/tmp/disambig_ilabels_3_1.int data/lang_test_4g/tmp/ilabels_3_1.3596022 data/lang_test_4g/tmp/LG.fst 
fstisstochastic data/lang_test_4g/tmp/CLG_3_1.fst 
make-h-transducer --disambig-syms-out=exp/tri1/graph_4g/disambig_tid.int --transition-scale=1.0 data/lang_test_4g/tmp/ilabels_3_1 exp/tri1/tree exp/tri1/final.mdl 
fsttablecompose exp/tri1/graph_4g/Ha.fst data/lang_test_4g/tmp/CLG_3_1.fst 
fstdeterminizestar --use-log=true 
fstrmsymbols exp/tri1/graph_4g/disambig_tid.int 
fstrmepslocal 
fstminimizeencoded 
fstisstochastic exp/tri1/graph_4g/HCLGa.fst 
add-self-loops --self-loop-scale=0.1 --reorder=true exp/tri1/final.mdl exp/tri1/graph_4g/HCLGa.fst 
tree-info exp/tri2a/tree 
tree-info exp/tri2a/tree 
make-h-transducer --disambig-syms-out=exp/tri2a/graph_4g/disambig_tid.int --transition-scale=1.0 data/lang_test_4g/tmp/ilabels_3_1 exp/tri2a/tree exp/tri2a/final.mdl 
fsttablecompose exp/tri2a/graph_4g/Ha.fst data/lang_test_4g/tmp/CLG_3_1.fst 
fstrmsymbols exp/tri2a/graph_4g/disambig_tid.int 
fstdeterminizestar --use-log=true 
fstrmepslocal 
fstminimizeencoded 
fstisstochastic exp/tri2a/graph_4g/HCLGa.fst 
add-self-loops --self-loop-scale=0.1 --reorder=true exp/tri2a/final.mdl exp/tri2a/graph_4g/HCLGa.fst 
tree-info exp/tri2b/tree 
tree-info exp/tri2b/tree 
make-h-transducer --disambig-syms-out=exp/tri2b/graph_4g/disambig_tid.int --transition-scale=1.0 data/lang_test_4g/tmp/ilabels_3_1 exp/tri2b/tree exp/tri2b/final.mdl 
fsttablecompose exp/tri2b/graph_4g/Ha.fst data/lang_test_4g/tmp/CLG_3_1.fst 
fstdeterminizestar --use-log=true 
fstrmepslocal 
fstrmsymbols exp/tri2b/graph_4g/disambig_tid.int 
fstminimizeencoded 
fstisstochastic exp/tri2b/graph_4g/HCLGa.fst 
add-self-loops --self-loop-scale=0.1 --reorder=true exp/tri2b/final.mdl exp/tri2b/graph_4g/HCLGa.fst 
tree-info exp/tri3b/tree 
tree-info exp/tri3b/tree 
make-h-transducer --disambig-syms-out=exp/tri3b/graph_4g/disambig_tid.int --transition-scale=1.0 data/lang_test_4g/tmp/ilabels_3_1 exp/tri3b/tree exp/tri3b/final.mdl 
fstrmepslocal 
fstdeterminizestar --use-log=true 
fsttablecompose exp/tri3b/graph_4g/Ha.fst data/lang_test_4g/tmp/CLG_3_1.fst 
fstrmsymbols exp/tri3b/graph_4g/disambig_tid.int 
fstminimizeencoded 
fstisstochastic exp/tri3b/graph_4g/HCLGa.fst 
add-self-loops --self-loop-scale=0.1 --reorder=true exp/tri3b/final.mdl exp/tri3b/graph_4g/HCLGa.fst 
tree-info exp/tri4a/tree 
tree-info exp/tri4a/tree 
make-h-transducer --disambig-syms-out=exp/tri4a/graph_4g/disambig_tid.int --transition-scale=1.0 data/lang_test_4g/tmp/ilabels_3_1 exp/tri4a/tree exp/tri4a/final.mdl 
fstrmsymbols exp/tri4a/graph_4g/disambig_tid.int 
fsttablecompose exp/tri4a/graph_4g/Ha.fst data/lang_test_4g/tmp/CLG_3_1.fst 
fstdeterminizestar --use-log=true 
fstrmepslocal 
fstminimizeencoded 
fstisstochastic exp/tri4a/graph_4g/HCLGa.fst 
add-self-loops --self-loop-scale=0.1 --reorder=true exp/tri4a/final.mdl exp/tri4a/graph_4g/HCLGa.fst 
feat-to-dim 'ark,s,cs:utils/subset_scp.pl --quiet 1000 data/train/split10/1/feats.scp | apply-cmvn  --utt2spk=ark:data/train/split10/1/utt2spk scp:data/train/split10/1/cmvn.scp scp:- ark:- | splice-feats --left-context=5 --right-context=5 ark:- ark:- | transform-feats exp/nnet5c/final.mat ark:- ark:- | transform-feats --utt2spk=ark:data/train/split10/1/utt2spk ark:exp/tri4a_ali/trans.1 ark:- ark:- |' - 
transform-feats --utt2spk=ark:data/train/split10/1/utt2spk ark:exp/tri4a_ali/trans.1 ark:- ark:- 
transform-feats exp/nnet5c/final.mat ark:- ark:- 
splice-feats --left-context=5 --right-context=5 ark:- ark:- 
apply-cmvn --utt2spk=ark:data/train/split10/1/utt2spk scp:data/train/split10/1/cmvn.scp scp:- ark:- 
WARNING (feat-to-dim[5.5.0~1-4b2b]:Close():kaldi-io.cc:515) Pipe utils/subset_scp.pl --quiet 1000 data/train/split10/1/feats.scp | apply-cmvn  --utt2spk=ark:data/train/split10/1/utt2spk scp:data/train/split10/1/cmvn.scp scp:- ark:- | splice-feats --left-context=5 --right-context=5 ark:- ark:- | transform-feats exp/nnet5c/final.mat ark:- ark:- | transform-feats --utt2spk=ark:data/train/split10/1/utt2spk ark:exp/tri4a_ali/trans.1 ark:- ark:- | had nonzero return status 36096
feat-to-dim 'ark,s,cs:utils/subset_scp.pl --quiet 1000 data/train/split10/1/feats.scp | apply-cmvn  --utt2spk=ark:data/train/split10/1/utt2spk scp:data/train/split10/1/cmvn.scp scp:- ark:- | splice-feats --left-context=5 --right-context=5 ark:- ark:- | transform-feats exp/nnet5c/final.mat ark:- ark:- | transform-feats --utt2spk=ark:data/train/split10/1/utt2spk ark:exp/tri4a_ali/trans.1 ark:- ark:- | splice-feats --left-context=4 --right-context=4 ark:- ark:- |' - 
apply-cmvn --utt2spk=ark:data/train/split10/1/utt2spk scp:data/train/split10/1/cmvn.scp scp:- ark:- 
transform-feats exp/nnet5c/final.mat ark:- ark:- 
splice-feats --left-context=5 --right-context=5 ark:- ark:- 
transform-feats --utt2spk=ark:data/train/split10/1/utt2spk ark:exp/tri4a_ali/trans.1 ark:- ark:- 
splice-feats --left-context=4 --right-context=4 ark:- ark:- 
WARNING (feat-to-dim[5.5.0~1-4b2b]:Close():kaldi-io.cc:515) Pipe utils/subset_scp.pl --quiet 1000 data/train/split10/1/feats.scp | apply-cmvn  --utt2spk=ark:data/train/split10/1/utt2spk scp:data/train/split10/1/cmvn.scp scp:- ark:- | splice-feats --left-context=5 --right-context=5 ark:- ark:- | transform-feats exp/nnet5c/final.mat ark:- ark:- | transform-feats --utt2spk=ark:data/train/split10/1/utt2spk ark:exp/tri4a_ali/trans.1 ark:- ark:- | splice-feats --left-context=4 --right-context=4 ark:- ark:- | had nonzero return status 36096
copy-int-vector ark:- ark,t:- 
LOG (copy-int-vector[5.5.0~1-4b2b]:main():copy-int-vector.cc:83) Copied 305896 vectors of int32.
slurmstepd: error: *** JOB 691 ON deepspeech CANCELLED AT 2025-07-26T14:37:58 DUE TO TIME LIMIT ***
