Job started on deepspeech at Fri Aug  8 12:57:14 CEST 2025
Using GPU(s): 0
utils/copy_data_dir.sh: copied data from data/train to data/train_vosk
utils/validate_data_dir.sh: text contains 222802 lines with non-printable characters
steps/make_mfcc.sh --cmd run.pl --nj 10 --mfcc-config conf/mfcc_vosk.conf data/train_vosk exp/make_mfcc/train_vosk mfcc_vosk
steps/make_mfcc.sh: moving data/train_vosk/feats.scp to data/train_vosk/.backup
utils/validate_data_dir.sh: Successfully validated data-directory data/train_vosk
steps/make_mfcc.sh: [info]: no segments file exists: assuming wav.scp indexed by utterance.
steps/make_mfcc.sh: Succeeded creating MFCC features for train_vosk
steps/compute_cmvn_stats.sh data/train_vosk exp/make_mfcc/train_vosk mfcc_vosk
Succeeded creating CMVN stats for train_vosk
fix_data_dir.sh: kept all 306257 utterances.
fix_data_dir.sh: old files are kept in data/train_vosk/.backup
utils/copy_data_dir.sh: copied data from data/test to data/test_vosk
utils/validate_data_dir.sh: text contains 53598 lines with non-printable characters
steps/make_mfcc.sh --cmd run.pl --nj 10 --mfcc-config conf/mfcc_vosk.conf data/test_vosk exp/make_mfcc/test_vosk mfcc_vosk
steps/make_mfcc.sh: moving data/test_vosk/feats.scp to data/test_vosk/.backup
utils/validate_data_dir.sh: Successfully validated data-directory data/test_vosk
steps/make_mfcc.sh: [info]: no segments file exists: assuming wav.scp indexed by utterance.
steps/make_mfcc.sh: Succeeded creating MFCC features for test_vosk
steps/compute_cmvn_stats.sh data/test_vosk exp/make_mfcc/test_vosk mfcc_vosk
Succeeded creating CMVN stats for test_vosk
fix_data_dir.sh: kept all 72963 utterances.
fix_data_dir.sh: old files are kept in data/test_vosk/.backup
Job finished at Fri Aug  8 13:18:21 CEST 2025
