Job started on deepspeech at Fri Aug  8 11:04:28 CEST 2025
Using GPU(s): 0
utils/copy_data_dir.sh: copied data from data/train to data/train_hires
utils/validate_data_dir.sh: text contains 222802 lines with non-printable characters
steps/make_mfcc.sh --cmd run.pl --nj 10 --mfcc-config conf/mfcc_hires.conf data/train_hires exp/make_mfcc/train_hires mfcc_hires
steps/make_mfcc.sh: moving data/train_hires/feats.scp to data/train_hires/.backup
utils/validate_data_dir.sh: Successfully validated data-directory data/train_hires
steps/make_mfcc.sh: [info]: no segments file exists: assuming wav.scp indexed by utterance.
steps/make_mfcc.sh: Succeeded creating MFCC features for train_hires
steps/compute_cmvn_stats.sh data/train_hires exp/make_mfcc/train_hires mfcc_hires
Succeeded creating CMVN stats for train_hires
fix_data_dir.sh: kept all 306257 utterances.
fix_data_dir.sh: old files are kept in data/train_hires/.backup
utils/copy_data_dir.sh: copied data from data/test to data/test_hires
utils/validate_data_dir.sh: text contains 53598 lines with non-printable characters
steps/make_mfcc.sh --cmd run.pl --nj 10 --mfcc-config conf/mfcc_hires.conf data/test_hires exp/make_mfcc/test_hires mfcc_hires
steps/make_mfcc.sh: moving data/test_hires/feats.scp to data/test_hires/.backup
utils/validate_data_dir.sh: Successfully validated data-directory data/test_hires
steps/make_mfcc.sh: [info]: no segments file exists: assuming wav.scp indexed by utterance.
steps/make_mfcc.sh: Succeeded creating MFCC features for test_hires
steps/compute_cmvn_stats.sh data/test_hires exp/make_mfcc/test_hires mfcc_hires
Succeeded creating CMVN stats for test_hires
fix_data_dir.sh: kept all 72963 utterances.
fix_data_dir.sh: old files are kept in data/test_hires/.backup
Job finished at Fri Aug  8 12:07:26 CEST 2025
