Fetching 1 files:   0%|          | 0/1 [00:00<?, ?it/s]Fetching 1 files: 100%|██████████| 1/1 [00:00<00:00, 15141.89it/s]
Device set to use cuda:0
You seem to be using the pipelines sequentially on GPU. In order to maximize efficiency please use a dataset
Traceback (most recent call last):
  File "/nfs/tts2/home/joregan/run_phone.py", line 13, in <module>
    output = pipe(file, chunk_length_s=10, return_timestamps="word")
             ^^^^^^^^^^^^^^^^^^^^^^^^^^^^^^^^^^^^^^^^^^^^^^^^^^^^^^^
  File "/nfs/tts2/home/joregan/miniconda3/envs/hf/lib/python3.11/site-packages/transformers/pipelines/automatic_speech_recognition.py", line 275, in __call__
    return super().__call__(inputs, **kwargs)
           ^^^^^^^^^^^^^^^^^^^^^^^^^^^^^^^^^^
  File "/nfs/tts2/home/joregan/miniconda3/envs/hf/lib/python3.11/site-packages/transformers/pipelines/base.py", line 1459, in __call__
    return next(
           ^^^^^
  File "/nfs/tts2/home/joregan/miniconda3/envs/hf/lib/python3.11/site-packages/transformers/pipelines/pt_utils.py", line 126, in __next__
    item = next(self.iterator)
           ^^^^^^^^^^^^^^^^^^^
  File "/nfs/tts2/home/joregan/miniconda3/envs/hf/lib/python3.11/site-packages/transformers/pipelines/pt_utils.py", line 271, in __next__
    processed = self.infer(next(self.iterator), **self.params)
                           ^^^^^^^^^^^^^^^^^^^
  File "/nfs/tts2/home/joregan/miniconda3/envs/hf/lib/python3.11/site-packages/torch/utils/data/dataloader.py", line 734, in __next__
    data = self._next_data()
           ^^^^^^^^^^^^^^^^^
  File "/nfs/tts2/home/joregan/miniconda3/envs/hf/lib/python3.11/site-packages/torch/utils/data/dataloader.py", line 790, in _next_data
    data = self._dataset_fetcher.fetch(index)  # may raise StopIteration
           ^^^^^^^^^^^^^^^^^^^^^^^^^^^^^^^^^^
  File "/nfs/tts2/home/joregan/miniconda3/envs/hf/lib/python3.11/site-packages/torch/utils/data/_utils/fetch.py", line 33, in fetch
    data.append(next(self.dataset_iter))
                ^^^^^^^^^^^^^^^^^^^^^^^
  File "/nfs/tts2/home/joregan/miniconda3/envs/hf/lib/python3.11/site-packages/transformers/pipelines/pt_utils.py", line 188, in __next__
    processed = next(self.subiterator)
                ^^^^^^^^^^^^^^^^^^^^^^
  File "/nfs/tts2/home/joregan/miniconda3/envs/hf/lib/python3.11/site-packages/transformers/pipelines/automatic_speech_recognition.py", line 362, in preprocess
    inputs = ffmpeg_read(inputs, self.feature_extractor.sampling_rate)
             ^^^^^^^^^^^^^^^^^^^^^^^^^^^^^^^^^^^^^^^^^^^^^^^^^^^^^^^^^
  File "/nfs/tts2/home/joregan/miniconda3/envs/hf/lib/python3.11/site-packages/transformers/pipelines/audio_utils.py", line 41, in ffmpeg_read
    raise ValueError(
ValueError: Soundfile is either not in the correct format or is malformed. Ensure that the soundfile has a valid audio file extension (e.g. wav, flac or mp3) and is not corrupted. If reading from a remote URL, ensure that the URL is the full address to **download** the audio file.
